16:11:41.299 INFO - Selenium build info: version: '3.4.0', revision: 'unknown'
16:11:41.299 INFO - Launching a standalone Selenium Server
2017-04-29 16:11:41.312:INFO::main: Logging initialized @218ms to org.seleniumhq.jetty9.util.log.StdErrLog
16:11:41.348 INFO - Driver provider org.openqa.selenium.ie.InternetExplorerDriver registration is skipped:
 registration capabilities Capabilities [{ensureCleanSession=true, browserName=internet explorer, version=, platform=WINDOWS}] does not match the current platform LINUX
16:11:41.348 INFO - Driver provider org.openqa.selenium.edge.EdgeDriver registration is skipped:
 registration capabilities Capabilities [{browserName=MicrosoftEdge, version=, platform=WINDOWS}] does not match the current platform LINUX
16:11:41.349 INFO - Driver class not found: com.opera.core.systems.OperaDriver
16:11:41.349 INFO - Driver provider com.opera.core.systems.OperaDriver registration is skipped:
Unable to create new instances on this machine.
16:11:41.349 INFO - Driver class not found: com.opera.core.systems.OperaDriver
16:11:41.349 INFO - Driver provider com.opera.core.systems.OperaDriver is not registered
16:11:41.349 INFO - Driver provider org.openqa.selenium.safari.SafariDriver registration is skipped:
 registration capabilities Capabilities [{browserName=safari, version=, platform=MAC}] does not match the current platform LINUX
2017-04-29 16:11:41.378:INFO:osjs.Server:main: jetty-9.4.3.v20170317
2017-04-29 16:11:41.403:INFO:osjsh.ContextHandler:main: Started o.s.j.s.ServletContextHandler@523884b2{/,null,AVAILABLE}
2017-04-29 16:11:41.415:INFO:osjs.AbstractConnector:main: Started ServerConnector@13deb50e{HTTP/1.1,[http/1.1]}{0.0.0.0:4444}
2017-04-29 16:11:41.416:INFO:osjs.Server:main: Started @322ms
16:11:41.416 INFO - Selenium Server is up and running
16:11:41.597 INFO - SessionCleaner initialized with insideBrowserTimeout 0 and clientGoneTimeout 1800000 polling every 180000
16:11:41.617 INFO - Executing: [new session: Capabilities [{acceptSslCerts=true, name=Tesla Test, browserName=chrome, javascriptEnabled=true, platform=ANY}]])
16:11:41.632 INFO - Creating a new session for Capabilities [{acceptSslCerts=true, name=Tesla Test, browserName=chrome, javascriptEnabled=true, platform=ANY}]
Starting ChromeDriver 2.29.461571 (8a88bbe0775e2a23afda0ceaf2ef7ee74e822cc5) on port 11783
Only local connections are allowed.
16:11:42.216 INFO - Detected dialect: OSS
16:11:42.235 INFO - Done: [new session: Capabilities [{acceptSslCerts=true, name=Tesla Test, browserName=chrome, javascriptEnabled=true, platform=ANY}]]
16:11:42.252 INFO - Executing: [get: https://www.tesla.com/])
16:11:43.234 INFO - Done: [get: https://www.tesla.com/]
16:11:43.239 INFO - Executing: [get title])
16:11:43.257 INFO - Done: [get title]
16:11:43.263 INFO - Executing: [find elements: By.xpath: //*[@id="tsla-header-main"]/div/div/nav/div[1]/ol/li[1]/a])
16:11:43.302 INFO - Done: [find elements: By.xpath: //*[@id="tsla-header-main"]/div/div/nav/div[1]/ol/li[1]/a]
16:11:43.306 INFO - Executing: [is displayed: 0 [[ChromeDriver: chrome on LINUX (9a9cd27c592f065413558f1c1123f6ac)] -> xpath: //*[@id="tsla-header-main"]/div/div/nav/div[1]/ol/li[1]/a]])
16:11:43.332 INFO - Done: [is displayed: 0 [[ChromeDriver: chrome on LINUX (9a9cd27c592f065413558f1c1123f6ac)] -> xpath: //*[@id="tsla-header-main"]/div/div/nav/div[1]/ol/li[1]/a]]
16:11:43.336 INFO - Executing: [find element: By.xpath: //*[@id="tsla-header-main"]/div/div/nav/div[1]/ol/li[1]/a])
16:11:43.356 INFO - Done: [find element: By.xpath: //*[@id="tsla-header-main"]/div/div/nav/div[1]/ol/li[1]/a]
16:11:43.360 INFO - Executing: [click: 0 [[ChromeDriver: chrome on LINUX (9a9cd27c592f065413558f1c1123f6ac)] -> xpath: //*[@id="tsla-header-main"]/div/div/nav/div[1]/ol/li[1]/a]])
16:11:45.203 INFO - Done: [click: 0 [[ChromeDriver: chrome on LINUX (9a9cd27c592f065413558f1c1123f6ac)] -> xpath: //*[@id="tsla-header-main"]/div/div/nav/div[1]/ol/li[1]/a]]
16:11:45.213 INFO - Executing: [get current url])
16:11:45.224 INFO - Done: [get current url]
16:11:45.228 INFO - Executing: [get title])
16:11:45.233 INFO - Done: [get title]
16:11:45.238 INFO - Executing: [find elements: By.xpath: //*[@id="page"]/div/div/main/div/div/div/nav/div/div/div/a[2]])
16:11:45.264 INFO - Done: [find elements: By.xpath: //*[@id="page"]/div/div/main/div/div/div/nav/div/div/div/a[2]]
16:11:45.267 INFO - Executing: [is displayed: 1 [[ChromeDriver: chrome on LINUX (9a9cd27c592f065413558f1c1123f6ac)] -> xpath: //*[@id="page"]/div/div/main/div/div/div/nav/div/div/div/a[2]]])
16:11:45.288 INFO - Done: [is displayed: 1 [[ChromeDriver: chrome on LINUX (9a9cd27c592f065413558f1c1123f6ac)] -> xpath: //*[@id="page"]/div/div/main/div/div/div/nav/div/div/div/a[2]]]
16:11:45.293 INFO - Executing: [find element: By.xpath: //*[@id="page"]/div/div/main/div/div/div/nav/div/div/div/a[2]])
16:11:45.331 INFO - Done: [find element: By.xpath: //*[@id="page"]/div/div/main/div/div/div/nav/div/div/div/a[2]]
16:11:45.334 INFO - Executing: [click: 1 [[ChromeDriver: chrome on LINUX (9a9cd27c592f065413558f1c1123f6ac)] -> xpath: //*[@id="page"]/div/div/main/div/div/div/nav/div/div/div/a[2]]])
16:11:46.975 INFO - Done: [click: 1 [[ChromeDriver: chrome on LINUX (9a9cd27c592f065413558f1c1123f6ac)] -> xpath: //*[@id="page"]/div/div/main/div/div/div/nav/div/div/div/a[2]]]
16:11:46.980 INFO - Executing: [get current url])
16:11:47.196 INFO - Done: [get current url]
16:11:47.199 INFO - Executing: [get title])
16:11:47.206 INFO - Done: [get title]
16:11:47.209 INFO - Executing: [find elements: By.xpath: //*[@id="options_category_C_BAT"]/div/div[1]])
16:11:47.234 INFO - Done: [find elements: By.xpath: //*[@id="options_category_C_BAT"]/div/div[1]]
16:11:47.740 INFO - Executing: [find elements: By.xpath: //*[@id="options_category_C_BAT"]/div/div[1]])
16:11:47.753 INFO - Done: [find elements: By.xpath: //*[@id="options_category_C_BAT"]/div/div[1]]
16:11:48.258 INFO - Executing: [find elements: By.xpath: //*[@id="options_category_C_BAT"]/div/div[1]])
16:11:48.374 INFO - Done: [find elements: By.xpath: //*[@id="options_category_C_BAT"]/div/div[1]]
16:11:48.879 INFO - Executing: [find elements: By.xpath: //*[@id="options_category_C_BAT"]/div/div[1]])
16:11:48.903 INFO - Done: [find elements: By.xpath: //*[@id="options_category_C_BAT"]/div/div[1]]
16:11:49.408 INFO - Executing: [find elements: By.xpath: //*[@id="options_category_C_BAT"]/div/div[1]])
16:11:49.579 INFO - Done: [find elements: By.xpath: //*[@id="options_category_C_BAT"]/div/div[1]]
16:11:49.582 INFO - Executing: [is displayed: 2 [[ChromeDriver: chrome on LINUX (9a9cd27c592f065413558f1c1123f6ac)] -> xpath: //*[@id="options_category_C_BAT"]/div/div[1]]])
16:11:49.607 INFO - Done: [is displayed: 2 [[ChromeDriver: chrome on LINUX (9a9cd27c592f065413558f1c1123f6ac)] -> xpath: //*[@id="options_category_C_BAT"]/div/div[1]]]
16:11:49.612 INFO - Executing: [find element: By.xpath: //*[@id="options_category_C_BAT"]/div/div[1]])
16:11:49.670 INFO - Done: [find element: By.xpath: //*[@id="options_category_C_BAT"]/div/div[1]]
16:11:49.672 INFO - Executing: [click: 2 [[ChromeDriver: chrome on LINUX (9a9cd27c592f065413558f1c1123f6ac)] -> xpath: //*[@id="options_category_C_BAT"]/div/div[1]]])
16:11:50.291 WARN - Exception thrown
org.openqa.selenium.WebDriverException: unknown error: Element <div class="clearfix battery-option drive-train-battery selected compact" data-code="BTX5">...</div> is not clickable at point (258, 770). Other element would receive the click: <div class="category-group" id="options_category_C_MOTOR">...</div>
  (Session info: chrome=58.0.3029.81)
  (Driver info: chromedriver=2.29.461571 (8a88bbe0775e2a23afda0ceaf2ef7ee74e822cc5),platform=Linux 4.4.0-57-generic x86_64) (WARNING: The server did not provide any stacktrace information)
Command duration or timeout: 77 milliseconds
Build info: version: '3.4.0', revision: 'unknown', time: 'unknown'
System info: host: 'Development', ip: '127.0.1.1', os.name: 'Linux', os.arch: 'amd64', os.version: '4.4.0-57-generic', java.version: '1.8.0_121'
Driver info: org.openqa.selenium.chrome.ChromeDriver
Capabilities [{applicationCacheEnabled=false, rotatable=false, mobileEmulationEnabled=false, networkConnectionEnabled=false, chrome={chromedriverVersion=2.29.461571 (8a88bbe0775e2a23afda0ceaf2ef7ee74e822cc5), userDataDir=/tmp/.org.chromium.Chromium.zXYwvg}, takesHeapSnapshot=true, pageLoadStrategy=normal, databaseEnabled=false, handlesAlerts=true, hasTouchScreen=false, version=58.0.3029.81, platform=LINUX, browserConnectionEnabled=false, nativeEvents=true, acceptSslCerts=true, locationContextEnabled=true, webStorageEnabled=true, browserName=chrome, takesScreenshot=true, javascriptEnabled=true, cssSelectorsEnabled=true, unexpectedAlertBehaviour=}]
Session ID: 9a9cd27c592f065413558f1c1123f6ac
	at sun.reflect.NativeConstructorAccessorImpl.newInstance0(Native Method)
	at sun.reflect.NativeConstructorAccessorImpl.newInstance(NativeConstructorAccessorImpl.java:62)
	at sun.reflect.DelegatingConstructorAccessorImpl.newInstance(DelegatingConstructorAccessorImpl.java:45)
	at java.lang.reflect.Constructor.newInstance(Constructor.java:423)
	at org.openqa.selenium.remote.ErrorHandler.createThrowable(ErrorHandler.java:215)
	at org.openqa.selenium.remote.ErrorHandler.throwIfResponseFailed(ErrorHandler.java:167)
	at org.openqa.selenium.remote.RemoteWebDriver.execute(RemoteWebDriver.java:671)
	at org.openqa.selenium.remote.RemoteWebElement.execute(RemoteWebElement.java:272)
	at org.openqa.selenium.remote.RemoteWebElement.click(RemoteWebElement.java:82)
	at sun.reflect.NativeMethodAccessorImpl.invoke0(Native Method)
	at sun.reflect.NativeMethodAccessorImpl.invoke(NativeMethodAccessorImpl.java:62)
	at sun.reflect.DelegatingMethodAccessorImpl.invoke(DelegatingMethodAccessorImpl.java:43)
	at java.lang.reflect.Method.invoke(Method.java:498)
	at org.openqa.selenium.support.events.EventFiringWebDriver$EventFiringWebElement$1.invoke(EventFiringWebDriver.java:332)
	at com.sun.proxy.$Proxy5.click(Unknown Source)
	at org.openqa.selenium.support.events.EventFiringWebDriver$EventFiringWebElement.click(EventFiringWebDriver.java:345)
	at sun.reflect.NativeMethodAccessorImpl.invoke0(Native Method)
	at sun.reflect.NativeMethodAccessorImpl.invoke(NativeMethodAccessorImpl.java:62)
	at sun.reflect.DelegatingMethodAccessorImpl.invoke(DelegatingMethodAccessorImpl.java:43)
	at java.lang.reflect.Method.invoke(Method.java:498)
	at org.openqa.selenium.remote.server.KnownElements$1.invoke(KnownElements.java:64)
	at com.sun.proxy.$Proxy6.click(Unknown Source)
	at org.openqa.selenium.remote.server.handler.ClickElement.call(ClickElement.java:30)
	at org.openqa.selenium.remote.server.handler.ClickElement.call(ClickElement.java:22)
	at java.util.concurrent.FutureTask.run(FutureTask.java:266)
	at org.openqa.selenium.remote.server.DefaultSession$1.run(DefaultSession.java:176)
	at java.util.concurrent.ThreadPoolExecutor.runWorker(ThreadPoolExecutor.java:1142)
	at java.util.concurrent.ThreadPoolExecutor$Worker.run(ThreadPoolExecutor.java:617)
	at java.lang.Thread.run(Thread.java:745)
16:11:50.293 WARN - Exception: unknown error: Element <div class="clearfix battery-option drive-train-battery selected compact" data-code="BTX5">...</div> is not clickable at point (258, 770). Other element would receive the click: <div class="category-group" id="options_category_C_MOTOR">...</div>
  (Session info: chrome=58.0.3029.81)
  (Driver info: chromedriver=2.29.461571 (8a88bbe0775e2a23afda0ceaf2ef7ee74e822cc5),platform=Linux 4.4.0-57-generic x86_64) (WARNING: The server did not provide any stacktrace information)
Command duration or timeout: 77 milliseconds
Build info: version: '3.4.0', revision: 'unknown', time: 'unknown'
System info: host: 'Development', ip: '127.0.1.1', os.name: 'Linux', os.arch: 'amd64', os.version: '4.4.0-57-generic', java.version: '1.8.0_121'
Driver info: org.openqa.selenium.chrome.ChromeDriver
Capabilities [{applicationCacheEnabled=false, rotatable=false, mobileEmulationEnabled=false, networkConnectionEnabled=false, chrome={chromedriverVersion=2.29.461571 (8a88bbe0775e2a23afda0ceaf2ef7ee74e822cc5), userDataDir=/tmp/.org.chromium.Chromium.zXYwvg}, takesHeapSnapshot=true, pageLoadStrategy=normal, databaseEnabled=false, handlesAlerts=true, hasTouchScreen=false, version=58.0.3029.81, platform=LINUX, browserConnectionEnabled=false, nativeEvents=true, acceptSslCerts=true, locationContextEnabled=true, webStorageEnabled=true, browserName=chrome, takesScreenshot=true, javascriptEnabled=true, cssSelectorsEnabled=true, unexpectedAlertBehaviour=}]
Session ID: 9a9cd27c592f065413558f1c1123f6ac
16:11:50.404 INFO - Executing: [find elements: By.xpath: //*[@id="options_category_C_MOTOR"]/div[2]/div[1]/div/div/div/div[1]/div[2]/div/ul/li[3]])
16:11:50.434 INFO - Done: [find elements: By.xpath: //*[@id="options_category_C_MOTOR"]/div[2]/div[1]/div/div/div/div[1]/div[2]/div/ul/li[3]]
16:11:50.437 INFO - Executing: [is displayed: 3 [[ChromeDriver: chrome on LINUX (9a9cd27c592f065413558f1c1123f6ac)] -> xpath: //*[@id="options_category_C_MOTOR"]/div[2]/div[1]/div/div/div/div[1]/div[2]/div/ul/li[3]]])
16:11:50.463 INFO - Done: [is displayed: 3 [[ChromeDriver: chrome on LINUX (9a9cd27c592f065413558f1c1123f6ac)] -> xpath: //*[@id="options_category_C_MOTOR"]/div[2]/div[1]/div/div/div/div[1]/div[2]/div/ul/li[3]]]
16:11:50.476 INFO - Executing: [find element: By.xpath: //*[@id="options_category_C_MOTOR"]/div[2]/div[1]/div/div/div/div[1]/div[2]/div/ul/li[3]])
16:11:50.504 INFO - Done: [find element: By.xpath: //*[@id="options_category_C_MOTOR"]/div[2]/div[1]/div/div/div/div[1]/div[2]/div/ul/li[3]]
16:11:50.507 INFO - Executing: [click: 3 [[ChromeDriver: chrome on LINUX (9a9cd27c592f065413558f1c1123f6ac)] -> xpath: //*[@id="options_category_C_MOTOR"]/div[2]/div[1]/div/div/div/div[1]/div[2]/div/ul/li[3]]])
16:11:50.995 WARN - Exception thrown
org.openqa.selenium.WebDriverException: unknown error: Element <li>...</li> is not clickable at point (341, 897). Other element would receive the click: <div class="drive-train-option-details">...</div>
  (Session info: chrome=58.0.3029.81)
  (Driver info: chromedriver=2.29.461571 (8a88bbe0775e2a23afda0ceaf2ef7ee74e822cc5),platform=Linux 4.4.0-57-generic x86_64) (WARNING: The server did not provide any stacktrace information)
Command duration or timeout: 69 milliseconds
Build info: version: '3.4.0', revision: 'unknown', time: 'unknown'
System info: host: 'Development', ip: '127.0.1.1', os.name: 'Linux', os.arch: 'amd64', os.version: '4.4.0-57-generic', java.version: '1.8.0_121'
Driver info: org.openqa.selenium.chrome.ChromeDriver
Capabilities [{applicationCacheEnabled=false, rotatable=false, mobileEmulationEnabled=false, networkConnectionEnabled=false, chrome={chromedriverVersion=2.29.461571 (8a88bbe0775e2a23afda0ceaf2ef7ee74e822cc5), userDataDir=/tmp/.org.chromium.Chromium.zXYwvg}, takesHeapSnapshot=true, pageLoadStrategy=normal, databaseEnabled=false, handlesAlerts=true, hasTouchScreen=false, version=58.0.3029.81, platform=LINUX, browserConnectionEnabled=false, nativeEvents=true, acceptSslCerts=true, locationContextEnabled=true, webStorageEnabled=true, browserName=chrome, takesScreenshot=true, javascriptEnabled=true, cssSelectorsEnabled=true, unexpectedAlertBehaviour=}]
Session ID: 9a9cd27c592f065413558f1c1123f6ac
	at sun.reflect.NativeConstructorAccessorImpl.newInstance0(Native Method)
	at sun.reflect.NativeConstructorAccessorImpl.newInstance(NativeConstructorAccessorImpl.java:62)
	at sun.reflect.DelegatingConstructorAccessorImpl.newInstance(DelegatingConstructorAccessorImpl.java:45)
	at java.lang.reflect.Constructor.newInstance(Constructor.java:423)
	at org.openqa.selenium.remote.ErrorHandler.createThrowable(ErrorHandler.java:215)
	at org.openqa.selenium.remote.ErrorHandler.throwIfResponseFailed(ErrorHandler.java:167)
	at org.openqa.selenium.remote.RemoteWebDriver.execute(RemoteWebDriver.java:671)
	at org.openqa.selenium.remote.RemoteWebElement.execute(RemoteWebElement.java:272)
	at org.openqa.selenium.remote.RemoteWebElement.click(RemoteWebElement.java:82)
	at sun.reflect.NativeMethodAccessorImpl.invoke0(Native Method)
	at sun.reflect.NativeMethodAccessorImpl.invoke(NativeMethodAccessorImpl.java:62)
	at sun.reflect.DelegatingMethodAccessorImpl.invoke(DelegatingMethodAccessorImpl.java:43)
	at java.lang.reflect.Method.invoke(Method.java:498)
	at org.openqa.selenium.support.events.EventFiringWebDriver$EventFiringWebElement$1.invoke(EventFiringWebDriver.java:332)
	at com.sun.proxy.$Proxy5.click(Unknown Source)
	at org.openqa.selenium.support.events.EventFiringWebDriver$EventFiringWebElement.click(EventFiringWebDriver.java:345)
	at sun.reflect.NativeMethodAccessorImpl.invoke0(Native Method)
	at sun.reflect.NativeMethodAccessorImpl.invoke(NativeMethodAccessorImpl.java:62)
	at sun.reflect.DelegatingMethodAccessorImpl.invoke(DelegatingMethodAccessorImpl.java:43)
	at java.lang.reflect.Method.invoke(Method.java:498)
	at org.openqa.selenium.remote.server.KnownElements$1.invoke(KnownElements.java:64)
	at com.sun.proxy.$Proxy6.click(Unknown Source)
	at org.openqa.selenium.remote.server.handler.ClickElement.call(ClickElement.java:30)
	at org.openqa.selenium.remote.server.handler.ClickElement.call(ClickElement.java:22)
	at java.util.concurrent.FutureTask.run(FutureTask.java:266)
	at org.openqa.selenium.remote.server.DefaultSession$1.run(DefaultSession.java:176)
	at java.util.concurrent.ThreadPoolExecutor.runWorker(ThreadPoolExecutor.java:1142)
	at java.util.concurrent.ThreadPoolExecutor$Worker.run(ThreadPoolExecutor.java:617)
	at java.lang.Thread.run(Thread.java:745)
16:11:50.995 WARN - Exception: unknown error: Element <li>...</li> is not clickable at point (341, 897). Other element would receive the click: <div class="drive-train-option-details">...</div>
  (Session info: chrome=58.0.3029.81)
  (Driver info: chromedriver=2.29.461571 (8a88bbe0775e2a23afda0ceaf2ef7ee74e822cc5),platform=Linux 4.4.0-57-generic x86_64) (WARNING: The server did not provide any stacktrace information)
Command duration or timeout: 69 milliseconds
Build info: version: '3.4.0', revision: 'unknown', time: 'unknown'
System info: host: 'Development', ip: '127.0.1.1', os.name: 'Linux', os.arch: 'amd64', os.version: '4.4.0-57-generic', java.version: '1.8.0_121'
Driver info: org.openqa.selenium.chrome.ChromeDriver
Capabilities [{applicationCacheEnabled=false, rotatable=false, mobileEmulationEnabled=false, networkConnectionEnabled=false, chrome={chromedriverVersion=2.29.461571 (8a88bbe0775e2a23afda0ceaf2ef7ee74e822cc5), userDataDir=/tmp/.org.chromium.Chromium.zXYwvg}, takesHeapSnapshot=true, pageLoadStrategy=normal, databaseEnabled=false, handlesAlerts=true, hasTouchScreen=false, version=58.0.3029.81, platform=LINUX, browserConnectionEnabled=false, nativeEvents=true, acceptSslCerts=true, locationContextEnabled=true, webStorageEnabled=true, browserName=chrome, takesScreenshot=true, javascriptEnabled=true, cssSelectorsEnabled=true, unexpectedAlertBehaviour=}]
Session ID: 9a9cd27c592f065413558f1c1123f6ac
16:11:51.043 INFO - Executing: [find elements: By.xpath: //*[@id="summary-footer"]/a])
16:11:51.076 INFO - Done: [find elements: By.xpath: //*[@id="summary-footer"]/a]
16:11:51.078 INFO - Executing: [is displayed: 4 [[ChromeDriver: chrome on LINUX (9a9cd27c592f065413558f1c1123f6ac)] -> xpath: //*[@id="summary-footer"]/a]])
16:11:51.106 INFO - Done: [is displayed: 4 [[ChromeDriver: chrome on LINUX (9a9cd27c592f065413558f1c1123f6ac)] -> xpath: //*[@id="summary-footer"]/a]]
16:11:51.110 INFO - Executing: [execute script: var passedArgs = Array.prototype.slice.call(arguments,0); return function () {
                document.getElementsByClassName('bookButton us-ca-done').scrollIntoView();
            }.apply(window, passedArgs);, []])
16:11:51.579 WARN - Exception thrown
org.openqa.selenium.WebDriverException: unknown error: document.getElementsByClassName(...).scrollIntoView is not a function
  (Session info: chrome=58.0.3029.81)
  (Driver info: chromedriver=2.29.461571 (8a88bbe0775e2a23afda0ceaf2ef7ee74e822cc5),platform=Linux 4.4.0-57-generic x86_64) (WARNING: The server did not provide any stacktrace information)
Command duration or timeout: 8 milliseconds
Build info: version: '3.4.0', revision: 'unknown', time: 'unknown'
System info: host: 'Development', ip: '127.0.1.1', os.name: 'Linux', os.arch: 'amd64', os.version: '4.4.0-57-generic', java.version: '1.8.0_121'
Driver info: org.openqa.selenium.chrome.ChromeDriver
Capabilities [{applicationCacheEnabled=false, rotatable=false, mobileEmulationEnabled=false, networkConnectionEnabled=false, chrome={chromedriverVersion=2.29.461571 (8a88bbe0775e2a23afda0ceaf2ef7ee74e822cc5), userDataDir=/tmp/.org.chromium.Chromium.zXYwvg}, takesHeapSnapshot=true, pageLoadStrategy=normal, databaseEnabled=false, handlesAlerts=true, hasTouchScreen=false, version=58.0.3029.81, platform=LINUX, browserConnectionEnabled=false, nativeEvents=true, acceptSslCerts=true, locationContextEnabled=true, webStorageEnabled=true, browserName=chrome, takesScreenshot=true, javascriptEnabled=true, cssSelectorsEnabled=true, unexpectedAlertBehaviour=}]
Session ID: 9a9cd27c592f065413558f1c1123f6ac
	at sun.reflect.NativeConstructorAccessorImpl.newInstance0(Native Method)
	at sun.reflect.NativeConstructorAccessorImpl.newInstance(NativeConstructorAccessorImpl.java:62)
	at sun.reflect.DelegatingConstructorAccessorImpl.newInstance(DelegatingConstructorAccessorImpl.java:45)
	at java.lang.reflect.Constructor.newInstance(Constructor.java:423)
	at org.openqa.selenium.remote.ErrorHandler.createThrowable(ErrorHandler.java:215)
	at org.openqa.selenium.remote.ErrorHandler.throwIfResponseFailed(ErrorHandler.java:167)
	at org.openqa.selenium.remote.RemoteWebDriver.execute(RemoteWebDriver.java:671)
	at org.openqa.selenium.remote.RemoteWebDriver.executeScript(RemoteWebDriver.java:573)
	at sun.reflect.NativeMethodAccessorImpl.invoke0(Native Method)
	at sun.reflect.NativeMethodAccessorImpl.invoke(NativeMethodAccessorImpl.java:62)
	at sun.reflect.DelegatingMethodAccessorImpl.invoke(DelegatingMethodAccessorImpl.java:43)
	at java.lang.reflect.Method.invoke(Method.java:498)
	at org.openqa.selenium.support.events.EventFiringWebDriver$2.invoke(EventFiringWebDriver.java:104)
	at com.sun.proxy.$Proxy4.executeScript(Unknown Source)
	at org.openqa.selenium.support.events.EventFiringWebDriver.executeScript(EventFiringWebDriver.java:217)
	at org.openqa.selenium.remote.server.handler.ExecuteScript.call(ExecuteScript.java:56)
	at java.util.concurrent.FutureTask.run(FutureTask.java:266)
	at org.openqa.selenium.remote.server.DefaultSession$1.run(DefaultSession.java:176)
	at java.util.concurrent.ThreadPoolExecutor.runWorker(ThreadPoolExecutor.java:1142)
	at java.util.concurrent.ThreadPoolExecutor$Worker.run(ThreadPoolExecutor.java:617)
	at java.lang.Thread.run(Thread.java:745)
16:11:51.580 WARN - Exception: unknown error: document.getElementsByClassName(...).scrollIntoView is not a function
  (Session info: chrome=58.0.3029.81)
  (Driver info: chromedriver=2.29.461571 (8a88bbe0775e2a23afda0ceaf2ef7ee74e822cc5),platform=Linux 4.4.0-57-generic x86_64) (WARNING: The server did not provide any stacktrace information)
Command duration or timeout: 8 milliseconds
Build info: version: '3.4.0', revision: 'unknown', time: 'unknown'
System info: host: 'Development', ip: '127.0.1.1', os.name: 'Linux', os.arch: 'amd64', os.version: '4.4.0-57-generic', java.version: '1.8.0_121'
Driver info: org.openqa.selenium.chrome.ChromeDriver
Capabilities [{applicationCacheEnabled=false, rotatable=false, mobileEmulationEnabled=false, networkConnectionEnabled=false, chrome={chromedriverVersion=2.29.461571 (8a88bbe0775e2a23afda0ceaf2ef7ee74e822cc5), userDataDir=/tmp/.org.chromium.Chromium.zXYwvg}, takesHeapSnapshot=true, pageLoadStrategy=normal, databaseEnabled=false, handlesAlerts=true, hasTouchScreen=false, version=58.0.3029.81, platform=LINUX, browserConnectionEnabled=false, nativeEvents=true, acceptSslCerts=true, locationContextEnabled=true, webStorageEnabled=true, browserName=chrome, takesScreenshot=true, javascriptEnabled=true, cssSelectorsEnabled=true, unexpectedAlertBehaviour=}]
Session ID: 9a9cd27c592f065413558f1c1123f6ac
16:11:51.639 INFO - Executing: [execute script: var passedArgs = Array.prototype.slice.call(arguments,0); return function () {
                document.querySelector('#summary-footer > a').click()
            }.apply(window, passedArgs);, []])
16:11:54.779 INFO - Done: [execute script: var passedArgs = Array.prototype.slice.call(arguments,0); return function () {
                document.querySelector('#summary-footer > a').click()
            }.apply(window, passedArgs);, []]
16:11:54.784 INFO - Executing: [get current url])
16:11:54.822 INFO - Done: [get current url]
16:11:54.825 INFO - Executing: [get title])
16:11:54.830 INFO - Done: [get title]
16:11:54.833 INFO - Executing: [find elements: By.xpath: //*[@id="edit-order-type"]/div[3]/label/div])
16:11:54.854 INFO - Done: [find elements: By.xpath: //*[@id="edit-order-type"]/div[3]/label/div]
16:11:54.856 INFO - Executing: [is displayed: 5 [[ChromeDriver: chrome on LINUX (9a9cd27c592f065413558f1c1123f6ac)] -> xpath: //*[@id="edit-order-type"]/div[3]/label/div]])
16:11:54.874 INFO - Done: [is displayed: 5 [[ChromeDriver: chrome on LINUX (9a9cd27c592f065413558f1c1123f6ac)] -> xpath: //*[@id="edit-order-type"]/div[3]/label/div]]
16:11:54.876 INFO - Executing: [find element: By.xpath: //*[@id="edit-order-type"]/div[3]/label/div])
16:11:54.905 INFO - Done: [find element: By.xpath: //*[@id="edit-order-type"]/div[3]/label/div]
16:11:54.907 INFO - Executing: [click: 5 [[ChromeDriver: chrome on LINUX (9a9cd27c592f065413558f1c1123f6ac)] -> xpath: //*[@id="edit-order-type"]/div[3]/label/div]])
16:11:54.977 INFO - Done: [click: 5 [[ChromeDriver: chrome on LINUX (9a9cd27c592f065413558f1c1123f6ac)] -> xpath: //*[@id="edit-order-type"]/div[3]/label/div]]
16:11:54.979 INFO - Executing: [find elements: By.xpath: //*[@id="edit-firstname"]])
16:11:55.009 INFO - Done: [find elements: By.xpath: //*[@id="edit-firstname"]]
16:11:55.011 INFO - Executing: [is displayed: 6 [[ChromeDriver: chrome on LINUX (9a9cd27c592f065413558f1c1123f6ac)] -> xpath: //*[@id="edit-firstname"]]])
16:11:55.036 INFO - Done: [is displayed: 6 [[ChromeDriver: chrome on LINUX (9a9cd27c592f065413558f1c1123f6ac)] -> xpath: //*[@id="edit-firstname"]]]
16:11:55.039 INFO - Executing: [find element: By.xpath: //*[@id="edit-firstname"]])
16:11:55.058 INFO - Done: [find element: By.xpath: //*[@id="edit-firstname"]]
16:11:55.061 INFO - Executing: [send keys: 6 [[ChromeDriver: chrome on LINUX (9a9cd27c592f065413558f1c1123f6ac)] -> xpath: //*[@id="edit-firstname"]], [B, a, r, t]])
16:11:55.146 INFO - Done: [send keys: 6 [[ChromeDriver: chrome on LINUX (9a9cd27c592f065413558f1c1123f6ac)] -> xpath: //*[@id="edit-firstname"]], [B, a, r, t]]
16:11:55.149 INFO - Executing: [find elements: By.xpath: //*[@id="edit-lastname"]])
16:11:55.168 INFO - Done: [find elements: By.xpath: //*[@id="edit-lastname"]]
16:11:55.171 INFO - Executing: [is displayed: 7 [[ChromeDriver: chrome on LINUX (9a9cd27c592f065413558f1c1123f6ac)] -> xpath: //*[@id="edit-lastname"]]])
16:11:55.190 INFO - Done: [is displayed: 7 [[ChromeDriver: chrome on LINUX (9a9cd27c592f065413558f1c1123f6ac)] -> xpath: //*[@id="edit-lastname"]]]
16:11:55.193 INFO - Executing: [find element: By.xpath: //*[@id="edit-lastname"]])
16:11:55.212 INFO - Done: [find element: By.xpath: //*[@id="edit-lastname"]]
16:11:55.215 INFO - Executing: [send keys: 7 [[ChromeDriver: chrome on LINUX (9a9cd27c592f065413558f1c1123f6ac)] -> xpath: //*[@id="edit-lastname"]], [T, a, k, u, s, k, i]])
16:11:55.331 INFO - Done: [send keys: 7 [[ChromeDriver: chrome on LINUX (9a9cd27c592f065413558f1c1123f6ac)] -> xpath: //*[@id="edit-lastname"]], [T, a, k, u, s, k, i]]
16:11:55.333 INFO - Executing: [find elements: By.xpath: //*[@id="edit-usermail"]])
16:11:55.352 INFO - Done: [find elements: By.xpath: //*[@id="edit-usermail"]]
16:11:55.355 INFO - Executing: [is displayed: 8 [[ChromeDriver: chrome on LINUX (9a9cd27c592f065413558f1c1123f6ac)] -> xpath: //*[@id="edit-usermail"]]])
16:11:55.373 INFO - Done: [is displayed: 8 [[ChromeDriver: chrome on LINUX (9a9cd27c592f065413558f1c1123f6ac)] -> xpath: //*[@id="edit-usermail"]]]
16:11:55.375 INFO - Executing: [find element: By.xpath: //*[@id="edit-usermail"]])
16:11:55.395 INFO - Done: [find element: By.xpath: //*[@id="edit-usermail"]]
16:11:55.397 INFO - Executing: [send keys: 8 [[ChromeDriver: chrome on LINUX (9a9cd27c592f065413558f1c1123f6ac)] -> xpath: //*[@id="edit-usermail"]], [b, t, a, k, u, s, k, i, @, g, m, a, i, l, ., c, o, m]])
16:11:55.608 INFO - Done: [send keys: 8 [[ChromeDriver: chrome on LINUX (9a9cd27c592f065413558f1c1123f6ac)] -> xpath: //*[@id="edit-usermail"]], [b, t, a, k, u, s, k, i, @, g, m, a, i, l, ., c, o, m]]
16:11:55.611 INFO - Executing: [find elements: By.xpath: //*[@id="edit-confirm-mail"]])
16:11:55.631 INFO - Done: [find elements: By.xpath: //*[@id="edit-confirm-mail"]]
16:11:55.633 INFO - Executing: [is displayed: 9 [[ChromeDriver: chrome on LINUX (9a9cd27c592f065413558f1c1123f6ac)] -> xpath: //*[@id="edit-confirm-mail"]]])
16:11:55.653 INFO - Done: [is displayed: 9 [[ChromeDriver: chrome on LINUX (9a9cd27c592f065413558f1c1123f6ac)] -> xpath: //*[@id="edit-confirm-mail"]]]
16:11:55.656 INFO - Executing: [find element: By.xpath: //*[@id="edit-confirm-mail"]])
16:11:55.675 INFO - Done: [find element: By.xpath: //*[@id="edit-confirm-mail"]]
16:11:55.678 INFO - Executing: [send keys: 9 [[ChromeDriver: chrome on LINUX (9a9cd27c592f065413558f1c1123f6ac)] -> xpath: //*[@id="edit-confirm-mail"]], [b, t, a, k, u, s, k, i, @, g, m, a, i, l, ., c, o, m]])
16:11:55.921 INFO - Done: [send keys: 9 [[ChromeDriver: chrome on LINUX (9a9cd27c592f065413558f1c1123f6ac)] -> xpath: //*[@id="edit-confirm-mail"]], [b, t, a, k, u, s, k, i, @, g, m, a, i, l, ., c, o, m]]
16:11:55.923 INFO - Executing: [find elements: By.xpath: //*[@id="edit-phonenumber"]])
16:11:55.943 INFO - Done: [find elements: By.xpath: //*[@id="edit-phonenumber"]]
16:11:55.945 INFO - Executing: [is displayed: 10 [[ChromeDriver: chrome on LINUX (9a9cd27c592f065413558f1c1123f6ac)] -> xpath: //*[@id="edit-phonenumber"]]])
16:11:55.965 INFO - Done: [is displayed: 10 [[ChromeDriver: chrome on LINUX (9a9cd27c592f065413558f1c1123f6ac)] -> xpath: //*[@id="edit-phonenumber"]]]
16:11:55.967 INFO - Executing: [find element: By.xpath: //*[@id="edit-phonenumber"]])
16:11:55.986 INFO - Done: [find element: By.xpath: //*[@id="edit-phonenumber"]]
16:11:55.988 INFO - Executing: [send keys: 10 [[ChromeDriver: chrome on LINUX (9a9cd27c592f065413558f1c1123f6ac)] -> xpath: //*[@id="edit-phonenumber"]], [3, 1, 2, 8, 1, 3, 2, 6, 9, 0]])
16:11:56.146 INFO - Done: [send keys: 10 [[ChromeDriver: chrome on LINUX (9a9cd27c592f065413558f1c1123f6ac)] -> xpath: //*[@id="edit-phonenumber"]], [3, 1, 2, 8, 1, 3, 2, 6, 9, 0]]
